Arguments: 
  /Applications/Framer X.app/Contents/Resources/Node/bin/node /Applications/Framer X.app/Contents/Resources/Server/node_modules/yarn/bin/yarn.js outdated --cwd /Users/jocelynlecamus/Library/Autosave Information/Framer-9026B8C0-0E66-4DF7-B8A5-133B6AA21154/container --skip-integrity-check --cache-folder /Users/jocelynlecamus/Library/Caches/Framer/yarn/cache --mutex file:/Users/jocelynlecamus/Library/Caches/Framer/yarn/mutex --json --ignore-scripts --link-folder /Users/jocelynlecamus/Library/Application Support/Framer X/yarn-link-folder

PATH: 
  undefined

Yarn version: 
  1.16.0

Node version: 
  10.13.0

Platform: 
  darwin x64

Trace: 
  Error: getaddrinfo ENOTFOUND registry.framer.com registry.framer.com:443
      at GetAddrInfoReqWrap.onlookup [as oncomplete] (dns.js:57:26)

npm manifest: 
  {
  	"main": "dist/index.js",
  	"license": "MIT",
  	"devDependencies": {
  		"@framer/framer.device-skin-apple-iphone8-gold": "^1.0.0",
  		"@types/react": "^16.8"
  	},
  	"peerDependencies": {
  		"framer": "^1.0 || ^0.10 || ^0.9",
  		"react": "^16.8"
  	},
  	"framer": {
  		"id": "964c0245-5bf0-430d-a9fd-3cb8b3762c71"
  	},
  	"author": "Lecamus Jocelyn",
  	"dependencies": {
  		"@framer/addison.pagination": "^1.12.0",
  		"@framer/benjamin.animator": "^1.3.0",
  		"@framer/benjamin.input": "^1.2.0",
  		"@framer/benjamin.web-fonts": "^1.7.0",
  		"@framer/clayton.form-input": "^1.2.0",
  		"@framer/clayton.form-select": "^1.5.0",
  		"@framer/codemilli.twitter-sticky": "^1.3.0",
  		"@framer/edoardo.ios-kit": "^1.6.0",
  		"@framer/framer.examples": "^1.7.0",
  		"@framer/gusso.magic-move": "^3.2.0",
  		"@framer/iconmaster.table-slider": "^1.8.0",
  		"@framer/jacopomoretto.carousel": "^1.27.0",
  		"@framer/perrysmotors.sticky-headers": "^2.2.0",
  		"@framer/steveframer.flow": "^1.4.0"
  	}
  }

yarn manifest: 
  No manifest

Lockfile: 
  # THIS IS AN AUTOGENERATED FILE. DO NOT EDIT THIS FILE DIRECTLY.
  # yarn lockfile v1
  
  
  "@babel/helper-annotate-as-pure@^7.0.0":
    version "7.0.0"
    resolved "https://registry.yarnpkg.com/@babel/helper-annotate-as-pure/-/helper-annotate-as-pure-7.0.0.tgz#323d39dd0b50e10c7c06ca7d7638e6864d8c5c32"
    integrity sha512-3UYcJUj9kvSLbLbUIfQTqzcy5VX7GRZ/CCDrnOaZorFFM01aXp1+GJwuFGV4NDDoAS+mOUyHcO6UD/RfqOks3Q==
    dependencies:
      "@babel/types" "^7.0.0"
  
  "@babel/helper-module-imports@^7.0.0":
    version "7.0.0"
    resolved "https://registry.yarnpkg.com/@babel/helper-module-imports/-/helper-module-imports-7.0.0.tgz#96081b7111e486da4d2cd971ad1a4fe216cc2e3d"
    integrity sha512-aP/hlLq01DWNEiDg4Jn23i+CXxW/owM4WpDLFUbpjxe4NS3BhLVZQ5i7E0ZrxuQ/vwekIeciyamgB1UIYxxM6A==
    dependencies:
      "@babel/types" "^7.0.0"
  
  "@babel/runtime@^7.2.0":
    version "7.4.5"
    resolved "https://registry.yarnpkg.com/@babel/runtime/-/runtime-7.4.5.tgz#582bb531f5f9dc67d2fcb682979894f75e253f12"
    integrity sha512-TuI4qpWZP6lGOGIuGWtp9sPluqYICmbk8T/1vpSysqJxRPkudh/ofFWyqdcMsDf2s7KvDL4/YHgKyvcS3g9CJQ==
    dependencies:
      regenerator-runtime "^0.13.2"
  
  "@babel/types@^7.0.0":
    version "7.4.4"
    resolved "https://registry.yarnpkg.com/@babel/types/-/types-7.4.4.tgz#8db9e9a629bb7c29370009b4b779ed93fe57d5f0"
    integrity sha512-dOllgYdnEFOebhkKCjzSVFqw/PmmB8pH6RGOWkY4GsboQNd47b1fBThBSwlHAq9alF9vc1M3+6oqR47R50L0tQ==
    dependencies:
      esutils "^2.0.2"
      lodash "^4.17.11"
      to-fast-properties "^2.0.0"
  
  "@emotion/is-prop-valid@^0.7.3":
    version "0.7.3"
    resolved "https://registry.yarnpkg.com/@emotion/is-prop-valid/-/is-prop-valid-0.7.3.tgz#a6bf4fa5387cbba59d44e698a4680f481a8da6cc"
    integrity sha512-uxJqm/sqwXw3YPA5GXX365OBcJGFtxUVkB6WyezqFHlNe9jqUWH5ur2O2M8dGBz61kn1g3ZBlzUunFQXQIClhA==
    dependencies:
      "@emotion/memoize" "0.7.1"
  
  "@emotion/memoize@0.7.1":
    version "0.7.1"
    resolved "https://registry.yarnpkg.com/@emotion/memoize/-/memoize-0.7.1.tgz#e93c13942592cf5ef01aa8297444dc192beee52f"
    integrity sha512-Qv4LTqO11jepd5Qmlp3M1YEjBumoTHcHFdgPTQ+sFlIL5myi/7xu/POwP7IRu6odBdmLXdtIs1D6TuW6kbwbbg==
  
  "@emotion/unitless@^0.7.0":
    version "0.7.3"
    resolved "https://registry.yarnpkg.com/@emotion/unitless/-/unitless-0.7.3.tgz#6310a047f12d21a1036fb031317219892440416f"
    integrity sha512-4zAPlpDEh2VwXswwr/t8xGNDGg8RQiPxtxZ3qQEXyQsBV39ptTdESCjuBvGze1nLMVrxmTIKmnO/nAV8Tqjjzg==
  
  "@framer/addison.pagination@^1.12.0":
    version "1.12.0"
    resolved "https://registry.framer.com/@framer/addison.pagination/-/@framer/addison.pagination-1.12.0.tgz#bdacd04a413972f247716bdb41790ceb2cd1a15e"
    integrity sha512-Lz/51LWNkLi5Go4CPoolwqcJqooAaYFGyGAF1QcyEw02Yq+oNaCbuIlxy4GnhGXPAMwHlkcjA8EGdOzdUGSYKQ==
    dependencies:
      react "^16.8.6"
  
  "@framer/benjamin.animator@^1.3.0":
    version "1.3.0"
    resolved "https://registry.framer.com/@framer/benjamin.animator/-/@framer/benjamin.animator-1.3.0.tgz#10562834a20316a67e392f193d578bf6d8e0beba"
    integrity sha512-AzK+SUkKQ0bT4+5ASJ0uNoCs1rh2phNdLrrfhXjz1siRsMBbCC2RQSD7P75fVxb+7GyxWQEooq8F17orkU+gyw==
    dependencies:
      styled-components "^4.2.0"
  
  "@framer/benjamin.input@^1.2.0":
    version "1.2.0"
    resolved "https://registry.framer.com/@framer/benjamin.input/-/@framer/benjamin.input-1.2.0.tgz#fa9f5ece2061d15c8a6ea036d208eb6462bc770d"
    integrity sha512-HvuyKieQfculupbBY1/8bkEiN4UGDcveN0uGmL5tftfyK+ew/HbYbFNmH4BHjhZmca/UChSNrm/56u31oJN6ng==
    dependencies:
      styled-components "^4.0.3"
  
  "@framer/benjamin.web-fonts@^1.7.0":
    version "1.7.0"
    resolved "https://registry.framer.com/@framer/benjamin.web-fonts/-/@framer/benjamin.web-fonts-1.7.0.tgz#ff182e83dc25bdfe2d92e304b074184fba05dc01"
    integrity sha512-h87QwrJUpHF8AtZCYT5snyU8/D/Q2dt0ZyOCTOLa5/Ck1ltuaPJ5deNsxacD3GgKBxnKO4DLD0B2bnuoR5CdEg==
    dependencies:
      "@types/helmet" "^0.0.38"
      react-helmet "^5.2.0"
  
  "@framer/clayton.form-input@^1.2.0":
    version "1.2.0"
    resolved "https://registry.framer.com/@framer/clayton.form-input/-/@framer/clayton.form-input-1.2.0.tgz#76771705accebfbd74a64f8476d8f92084f82920"
    integrity sha512-bVSNmilWbLOiMPJMLbAcRCaOg4Qb45XQs0/I5KxEjH9ktADabHXkX+hF9IkgUSid77OFG8c6k8aRTiUNzn+XDQ==
    dependencies:
      styled-components "^4.1.3"
  
  "@framer/clayton.form-select@^1.5.0":
    version "1.5.0"
    resolved "https://registry.framer.com/@framer/clayton.form-select/-/@framer/clayton.form-select-1.5.0.tgz#806d1798883f0a80853754f9fddfd0d0b9b36a1d"
    integrity sha512-K8IoSOEbouVWWjeOBan3+yQ20BygUn/mxBIiayX8+1gFEEghiBaMasSeWgqb2Tn993kCm1JKFKPioPWQsB13ag==
    dependencies:
      styled-components "^4.1.3"
  
  "@framer/codemilli.twitter-sticky@^1.3.0":
    version "1.3.0"
    resolved "https://registry.framer.com/@framer/codemilli.twitter-sticky/-/@framer/codemilli.twitter-sticky-1.3.0.tgz#4ed1bfce1397f31e7d6118ed043103d2175a76b3"
    integrity sha512-k2as/tLZJnM2UvzECSVQYxIpDpEVRgXM5aa31UoOp7QpuMSOY/dkob4PtHTRc0ZRPvSCVe4bXDbnl4MHj3K4iA==
  
  "@framer/edoardo.ios-kit@^1.6.0":
    version "1.6.0"
    resolved "https://registry.framer.com/@framer/edoardo.ios-kit/-/@framer/edoardo.ios-kit-1.6.0.tgz#4106996f04874240464cf2ff2dadd75219c96226"
    integrity sha512-XiPljPZc9MpsjGzbW9qSlTkIOo+zTc8+/7myaYqJ7G0ZK4Cyg3YjPidueMWChACkFADxdeVr/HCCAkg9rVOGLQ==
  
  "@framer/framer.device-skin-apple-iphone8-gold@^1.0.0":
    version "1.0.0"
    resolved "https://registry.framer.com/@framer/framer.device-skin-apple-iphone8-gold/-/@framer/framer.device-skin-apple-iphone8-gold-1.0.0.tgz#698d4b10e247e66d849e0ba5df0c457dc14cea0b"
    integrity sha512-eDYjEMGojWih8xXjilgJwAQifNRsiX1TWZvkMnSUeT1ZbmPSQCar9XJFGTaSBBh7Kv2RJvHPlqFr0gAGPIiAjA==
  
  "@framer/framer.examples@^1.7.0":
    version "1.7.0"
    resolved "https://registry.framer.com/@framer/framer.examples/-/@framer/framer.examples-1.7.0.tgz#65c98f155b5cf78a89c88b9a7099790700678e56"
    integrity sha512-GA0jKhhUuNMrQaaVJUipp2o+tM2oX+vZAc3aE4bgpJ8Gs0DiCnl3l1er5QtiQAZUT/F3E9AEiKk6vOpFCAekjA==
  
  "@framer/gusso.magic-move@^3.2.0":
    version "3.2.0"
    resolved "https://registry.framer.com/@framer/gusso.magic-move/-/@framer/gusso.magic-move-3.2.0.tgz#b65ee19c29fd132fd31e973f17dfb9a6844155f7"
    integrity sha512-jKlDr2ax1ytapvkxmeKVRanx//TWaQCRTcdZQQg+3aZMSGvChXRqOWewuxqRzEE8AF6S/ZEeuvGrHIfYIrpg+g==
  
  "@framer/iconmaster.table-slider@^1.8.0":
    version "1.8.0"
    resolved "https://registry.framer.com/@framer/iconmaster.table-slider/-/@framer/iconmaster.table-slider-1.8.0.tgz#172f9555354d7f8e29de424befbf1a6528289f99"
    integrity sha512-m4OZ8gZHJStxWOaWcVtgkLq1B9kt3guKr+m7KMhB7EKLSr/0AUjNTzQRYGICeihONgDLDiyv1WjMLKkJsy05Qg==
  
  "@framer/jacopomoretto.carousel@^1.27.0":
    version "1.27.0"
    resolved "https://registry.framer.com/@framer/jacopomoretto.carousel/-/@framer/jacopomoretto.carousel-1.27.0.tgz#49dad083801b5fb2bbcd310c4e686756554ba484"
    integrity sha1-SdrQg4AbX7K7zTEMTmhnVlVLpIQ=
    dependencies:
      nuka-carousel "4.3.6"
  
  "@framer/perrysmotors.sticky-headers@^2.2.0":
    version "2.2.0"
    resolved "https://registry.framer.com/@framer/perrysmotors.sticky-headers/-/@framer/perrysmotors.sticky-headers-2.2.0.tgz#7793ec7bc5584258366c3e01b414d2372cda6c10"
    integrity sha512-DIbCVrFvA8I5/y9cyBuSLY+h3U4/KpbE+7BYp9tP6nDUqL8VRsBtsVsrFWYwEWB0i0q6u0KqV0GRwdDrq/bQvA==
    dependencies:
      framer-motion "^0.15.1"
  
  "@framer/steveframer.flow@^1.4.0":
    version "1.4.0"
    resolved "https://registry.framer.com/@framer/steveframer.flow/-/@framer/steveframer.flow-1.4.0.tgz#772af3866e075bb003d21c612a491fb7a89cd46c"
    integrity sha512-E91/sG5EGlEXx/ZTtEcV8CwNYAjmZJWxRyos77Uid3lUQvZ5EaPw7nx5D9ISOUsQfOuTFBR8d27M3tDvUQ0Qlw==
    dependencies:
      framer-controller "^1.7.32"
  
  "@popmotion/easing@^1.0.1":
    version "1.0.2"
    resolved "https://registry.yarnpkg.com/@popmotion/easing/-/easing-1.0.2.tgz#17d925c45b4bf44189e5a38038d149df42d8c0b4"
    integrity sha512-IkdW0TNmRnWTeWI7aGQIVDbKXPWHVEYdGgd5ZR4SH/Ty/61p63jCjrPxX1XrR7IGkl08bjhJROStD7j+RKgoIw==
  
  "@popmotion/popcorn@^0.3.6":
    version "0.3.9"
    resolved "https://registry.yarnpkg.com/@popmotion/popcorn/-/popcorn-0.3.9.tgz#082efb256776fbea2c2b75dfa4d5bdd2f1498ad6"
    integrity sha512-pDUjY0M6Hf9Gn1+AeLwS/Mtk6Gl8bov9mm1GU5dk3ks6jN0nKThA4Shb6MOqLZwgt9zdPsf2ihxiuecvlVAkFg==
    dependencies:
      "@popmotion/easing" "^1.0.1"
      framesync "^4.0.1"
      hey-listen "^1.0.8"
      style-value-types "^3.1.3"
  
  "@popmotion/popcorn@^0.4.0":
    version "0.4.0"
    resolved "https://registry.yarnpkg.com/@popmotion/popcorn/-/popcorn-0.4.0.tgz#089ba62a7a8801ba18876d42149d4289992b926c"
    integrity sha512-vrCzLNT/ZscfrviWirZwRvpD9hSzCTNRxgUwHb1xvDNKJaXSNKTAeS/aiIdV3A/o/09Gu9CyMI0BpVGhK78wnw==
    dependencies:
      "@popmotion/easing" "^1.0.1"
      framesync "^4.0.1"
      hey-listen "^1.0.8"
      style-value-types "^3.1.4"
  
  "@types/animejs@^2.0.2":
    version "2.0.2"
    resolved "https://registry.yarnpkg.com/@types/animejs/-/animejs-2.0.2.tgz#80ec902fb0dc90778fbcdaf080c03c44ddda979f"
    integrity sha512-ACymFQ5qgSrZNR1Fqjk7Wv9gH6dFgejn2gpLkkceWxTKzivRJsshX4xhBVALgvF79gUdXiMCRIdusN728XpeGA==
  
  "@types/body-parser@*":
    version "1.17.0"
    resolved "https://registry.yarnpkg.com/@types/body-parser/-/body-parser-1.17.0.tgz#9f5c9d9bd04bb54be32d5eb9fc0d8c974e6cf58c"
    integrity sha512-a2+YeUjPkztKJu5aIF2yArYFQQp8d51wZ7DavSHjFuY1mqVgidGyzEQ41JIVNy82fXj8yPgy2vJmfIywgESW6w==
    dependencies:
      "@types/connect" "*"
      "@types/node" "*"
  
  "@types/connect@*":
    version "3.4.32"
    resolved "https://registry.yarnpkg.com/@types/connect/-/connect-3.4.32.tgz#aa0e9616b9435ccad02bc52b5b454ffc2c70ba28"
    integrity sha512-4r8qa0quOvh7lGD0pre62CAb1oni1OO6ecJLGCezTmhQ8Fz50Arx9RUszryR8KlgK6avuSXvviL6yWyViQABOg==
    dependencies:
      "@types/node" "*"
  
  "@types/express-serve-static-core@*":
    version "4.16.7"
    resolved "https://registry.yarnpkg.com/@types/express-serve-static-core/-/express-serve-static-core-4.16.7.tgz#50ba6f8a691c08a3dd9fa7fba25ef3133d298049"
    integrity sha512-847KvL8Q1y3TtFLRTXcVakErLJQgdpFSaq+k043xefz9raEf0C7HalpSY7OW5PyjCnY8P7bPW5t/Co9qqp+USg==
    dependencies:
      "@types/node" "*"
      "@types/range-parser" "*"
  
  "@types/express@*":
    version "4.17.0"
    resolved "https://registry.yarnpkg.com/@types/express/-/express-4.17.0.tgz#49eaedb209582a86f12ed9b725160f12d04ef287"
    integrity sha512-CjaMu57cjgjuZbh9DpkloeGxV45CnMGlVd+XpG7Gm9QgVrd7KFq+X4HY0vM+2v0bczS48Wg7bvnMY5TN+Xmcfw==
    dependencies:
      "@types/body-parser" "*"
      "@types/express-serve-static-core" "*"
      "@types/serve-static" "*"
  
  "@types/helmet@^0.0.38":
    version "0.0.38"
    resolved "https://registry.yarnpkg.com/@types/helmet/-/helmet-0.0.38.tgz#88f19752375565903f76fecc50dd99ed08131f35"
    integrity sha512-HYJes3rWMbLatZLH/dU4uzlvqaWFN2nIOgKmcem0Z0LJ5ILaQ2tFbRYykMLgCMXPWVsqZreskzv9ijSK+cZ1VQ==
    dependencies:
      "@types/express" "*"
  
  "@types/mime@*":
    version "2.0.1"
    resolved "https://registry.yarnpkg.com/@types/mime/-/mime-2.0.1.tgz#dc488842312a7f075149312905b5e3c0b054c79d"
    integrity sha512-FwI9gX75FgVBJ7ywgnq/P7tw+/o1GUbtP0KzbtusLigAOgIgNISRK0ZPl4qertvXSIE8YbsVJueQ90cDt9YYyw==
  
  "@types/node@*":
    version "12.0.7"
    resolved "https://registry.yarnpkg.com/@types/node/-/node-12.0.7.tgz#4f2563bad652b2acb1722d7e7aae2b0ff62d192c"
    integrity sha512-1YKeT4JitGgE4SOzyB9eMwO0nGVNkNEsm9qlIt1Lqm/tG2QEiSMTD4kS3aO6L+w5SClLVxALmIBESK6Mk5wX0A==
  
  "@types/prop-types@*":
    version "15.7.0"
    resolved "https://registry.yarnpkg.com/@types/prop-types/-/prop-types-15.7.0.tgz#4c48fed958d6dcf9487195a0ef6456d5f6e0163a"
    integrity sha512-eItQyV43bj4rR3JPV0Skpl1SncRCdziTEK9/v8VwXmV6d/qOUO8/EuWeHBbCZcsfSHfzI5UyMJLCSXtxxznyZg==
  
  "@types/range-parser@*":
    version "1.2.3"
    resolved "https://registry.yarnpkg.com/@types/range-parser/-/range-parser-1.2.3.tgz#7ee330ba7caafb98090bece86a5ee44115904c2c"
    integrity sha512-ewFXqrQHlFsgc09MK5jP5iR7vumV/BYayNC6PgJO2LPe8vrnNFyjQjSppfEngITi0qvfKtzFvgKymGheFM9UOA==
  
  "@types/react-dom@^16.8.2":
    version "16.8.4"
    resolved "https://registry.yarnpkg.com/@types/react-dom/-/react-dom-16.8.4.tgz#7fb7ba368857c7aa0f4e4511c4710ca2c5a12a88"
    integrity sha512-eIRpEW73DCzPIMaNBDP5pPIpK1KXyZwNgfxiVagb5iGiz6da+9A5hslSX6GAQKdO7SayVCS/Fr2kjqprgAvkfA==
    dependencies:
      "@types/react" "*"
  
  "@types/react@*", "@types/react@^16.8.5":
    version "16.8.19"
    resolved "https://registry.yarnpkg.com/@types/react/-/react-16.8.19.tgz#629154ef05e2e1985cdde94477deefd823ad9be3"
    integrity sha512-QzEzjrd1zFzY9cDlbIiFvdr+YUmefuuRYrPxmkwG0UQv5XF35gFIi7a95m1bNVcFU0VimxSZ5QVGSiBmlggQXQ==
    dependencies:
      "@types/prop-types" "*"
      csstype "^2.2.0"
  
  "@types/react@^16.8":
    version "16.8.4"
    resolved "https://registry.yarnpkg.com/@types/react/-/react-16.8.4.tgz#134307f5266e866d5e7c25e47f31f9abd5b2ea34"
    integrity sha512-Mpz1NNMJvrjf0GcDqiK8+YeOydXfD8Mgag3UtqQ5lXYTsMnOiHcKmO48LiSWMb1rSHB9MV/jlgyNzeAVxWMZRQ==
    dependencies:
      "@types/prop-types" "*"
      csstype "^2.2.0"
  
  "@types/serve-static@*":
    version "1.13.2"
    resolved "https://registry.yarnpkg.com/@types/serve-static/-/serve-static-1.13.2.tgz#f5ac4d7a6420a99a6a45af4719f4dcd8cd907a48"
    integrity sha512-/BZ4QRLpH/bNYgZgwhKEh+5AsboDBcUdlBYgzoLX0fpj3Y2gp6EApyOlM3bK53wQS/OE1SrdSYBAbux2D1528Q==
    dependencies:
      "@types/express-serve-static-core" "*"
      "@types/mime" "*"
  
  animejs@^3.0.1:
    version "3.0.1"
    resolved "https://registry.yarnpkg.com/animejs/-/animejs-3.0.1.tgz#8b808bad575e3b6106489d8b04b92bc4062166fe"
    integrity sha512-7mMoBQScvA7s4zm3EVgnuXXrtOu6TJNAhU+Ajo7HsXYH0NwbuZIcRHMO65a9NyUlmAXz4VPxlK5cENNOQbCi8g==
  
  "babel-plugin-styled-components@>= 1":
    version "1.10.0"
    resolved "https://registry.yarnpkg.com/babel-plugin-styled-components/-/babel-plugin-styled-components-1.10.0.tgz#ff1f42ad2cc78c21f26b62266b8f564dbc862939"
    integrity sha512-sQVKG8irFXx14ZfaK1bBePirfkacl3j8nZwSZK+ZjsbnadRHKQTbhXbe/RB1vT6Vgkz45E+V95LBq4KqdhZUNw==
    dependencies:
      "@babel/helper-annotate-as-pure" "^7.0.0"
      "@babel/helper-module-imports" "^7.0.0"
      babel-plugin-syntax-jsx "^6.18.0"
      lodash "^4.17.10"
  
  babel-plugin-syntax-jsx@^6.18.0:
    version "6.18.0"
    resolved "https://registry.yarnpkg.com/babel-plugin-syntax-jsx/-/babel-plugin-syntax-jsx-6.18.0.tgz#0af32a9a6e13ca7a3fd5069e62d7b0f58d0d8946"
    integrity sha1-CvMqmm4Tyno/1QaeYtew9Y0NiUY=
  
  camelize@^1.0.0:
    version "1.0.0"
    resolved "https://registry.yarnpkg.com/camelize/-/camelize-1.0.0.tgz#164a5483e630fa4321e5af07020e531831b2609b"
    integrity sha1-FkpUg+Yw+kMh5a8HAg5TGDGyYJs=
  
  css-color-keywords@^1.0.0:
    version "1.0.0"
    resolved "https://registry.yarnpkg.com/css-color-keywords/-/css-color-keywords-1.0.0.tgz#fea2616dc676b2962686b3af8dbdbe180b244e05"
    integrity sha1-/qJhbcZ2spYmhrOvjb2+GAskTgU=
  
  css-to-react-native@^2.2.2:
    version "2.3.1"
    resolved "https://registry.yarnpkg.com/css-to-react-native/-/css-to-react-native-2.3.1.tgz#cf0f61e0514846e2d4dc188b0886e29d8bef64a2"
    integrity sha512-yO+oEx1Lf+hDKasqQRVrAvzMCz825Huh1VMlEEDlRWyAhFb/FWb6I0KpEF1PkyKQ7NEdcx9d5M2ZEWgJAsgPvQ==
    dependencies:
      camelize "^1.0.0"
      css-color-keywords "^1.0.0"
      postcss-value-parser "^3.3.0"
  
  csstype@^2.2.0:
    version "2.6.1"
    resolved "https://registry.yarnpkg.com/csstype/-/csstype-2.6.1.tgz#4cfbf637a577497036ebcd7e32647ef19a0b8076"
    integrity sha512-wv7IRqCGsL7WGKB8gPvrl+++HlFM9kxAM6jL1EXNPNTshEJYilMkbfS2SnuHha77uosp/YVK0wAp2jmlBzn1tg==
  
  d3-color@1:
    version "1.2.3"
    resolved "https://registry.yarnpkg.com/d3-color/-/d3-color-1.2.3.tgz#6c67bb2af6df3cc8d79efcc4d3a3e83e28c8048f"
    integrity sha512-x37qq3ChOTLd26hnps36lexMRhNXEtVxZ4B25rL0DVdDsGQIJGB18S7y9XDwlDD6MD/ZBzITCf4JjGMM10TZkw==
  
  d3-ease@^1.0.3:
    version "1.0.5"
    resolved "https://registry.yarnpkg.com/d3-ease/-/d3-ease-1.0.5.tgz#8ce59276d81241b1b72042d6af2d40e76d936ffb"
    integrity sha512-Ct1O//ly5y5lFM9YTdu+ygq7LleSgSE4oj7vUt9tPLHUi8VCV7QoizGpdWRWAwCO9LdYzIrQDg97+hGVdsSGPQ==
  
  d3-interpolate@^1.3.2:
    version "1.3.2"
    resolved "https://registry.yarnpkg.com/d3-interpolate/-/d3-interpolate-1.3.2.tgz#417d3ebdeb4bc4efcc8fd4361c55e4040211fd68"
    integrity sha512-NlNKGopqaz9qM1PXh9gBF1KSCVh+jSFErrSlD/4hybwoNX/gt1d8CDbDW+3i+5UOHhjC6s6nMvRxcuoMVNgL2w==
    dependencies:
      d3-color "1"
  
  d3-timer@^1.0.9:
    version "1.0.9"
    resolved "https://registry.yarnpkg.com/d3-timer/-/d3-timer-1.0.9.tgz#f7bb8c0d597d792ff7131e1c24a36dd471a471ba"
    integrity sha512-rT34J5HnQUHhcLvhSB9GjCkN0Ddd5Y8nCwDBG2u6wQEeYxT/Lf51fTFFkldeib/sE/J0clIe0pnCfs6g/lRbyg==
  
  esutils@^2.0.2:
    version "2.0.2"
    resolved "https://registry.yarnpkg.com/esutils/-/esutils-2.0.2.tgz#0abf4f1caa5bcb1f7a9d8acc6dea4faaa04bac9b"
    integrity sha1-Cr9PHKpbyx96nYrMbepPqqBLrJs=
  
  exenv@^1.2.0, exenv@^1.2.1:
    version "1.2.2"
    resolved "https://registry.yarnpkg.com/exenv/-/exenv-1.2.2.tgz#2ae78e85d9894158670b03d47bec1f03bd91bb9d"
    integrity sha1-KueOhdmJQVhnCwPUe+wfA72Ru50=
  
  framer-controller@^1.7.32:
    version "1.8.2"
    resolved "https://registry.yarnpkg.com/framer-controller/-/framer-controller-1.8.2.tgz#8d2991f9bbde1958bbcd7111795148b45e84b2e7"
    integrity sha512-VbAw6XPdovha++OXBU/EfbXty0RtzlkRTFqQnhdW1jx2qJ29ZQJJIZtYvxy1IvoYMjriJF3M7DrpYTNqNiPhYg==
    dependencies:
      "@types/animejs" "^2.0.2"
      "@types/react" "^16.8.5"
      "@types/react-dom" "^16.8.2"
      animejs "^3.0.1"
      framer "^1.0.2"
      framer-motion "^0.16.10"
  
  framer-motion@^0.15.1:
    version "0.15.2"
    resolved "https://registry.yarnpkg.com/framer-motion/-/framer-motion-0.15.2.tgz#2f76a2915afef2b3419f8cb75738f90e938a9a6e"
    integrity sha512-IPz99NTTth/j4j/imBnYmIasxsBPBvqGT1cekbn7J/ddnF3x3NjCHJIGKZsjDaBH9rRanVr79l8E8Hf3sj435A==
    dependencies:
      "@emotion/is-prop-valid" "^0.7.3"
      "@popmotion/popcorn" "^0.3.6"
      framesync "^4.0.2"
      hey-listen "^1.0.8"
      popmotion "^8.6.8"
      style-value-types "^3.1.0"
      stylefire "^4.1.0"
  
  framer-motion@^0.16.10:
    version "0.16.11"
    resolved "https://registry.yarnpkg.com/framer-motion/-/framer-motion-0.16.11.tgz#cd3c3da722c9c3a4516e44e9bb208efd45400ab8"
    integrity sha512-8XgNHPMMJUe3jVXNb6wJDkLZA5FxeNqAHHkm8x5q4gcPxy0qYZda37SMg+5VnRvZ6gBxGEyO9hViRcoH/X7wCQ==
    dependencies:
      "@emotion/is-prop-valid" "^0.7.3"
      "@popmotion/popcorn" "^0.4.0"
      framesync "^4.0.2"
      hey-listen "^1.0.8"
      popmotion "^8.6.9"
      style-value-types "^3.1.4"
      stylefire "^4.1.4"
  
  framer@^1.0.2:
    version "1.0.9"
    resolved "https://registry.yarnpkg.com/framer/-/framer-1.0.9.tgz#8dfb1515c2cb125c12ec19ca0c5c36d15397cf2d"
    integrity sha512-YT8h6A6kcrIuODDBlzsjH0KM8b6eww+4jGM6Xo5FcUkU/nv+F8iL3dy6+IVcDcEuDY7IPq/RQazbglA8a5/X3g==
  
  framesync@^4.0.0, framesync@^4.0.1, framesync@^4.0.2:
    version "4.0.2"
    resolved "https://registry.yarnpkg.com/framesync/-/framesync-4.0.2.tgz#b03b62852f12b0d80086b60834b089718f03cda5"
    integrity sha512-hQLD5NURHmzB4Symo6JJ5HDw2TWwhr6T3gw9aChNMsZvkxcD8U8Gcz/hllAOOMGE+HO3ScpRPahpXDQRgF19JQ==
    dependencies:
      hey-listen "^1.0.5"
  
  has-flag@^3.0.0:
    version "3.0.0"
    resolved "https://registry.yarnpkg.com/has-flag/-/has-flag-3.0.0.tgz#b5d454dc2199ae225699f3467e5a07f3b955bafd"
    integrity sha1-tdRU3CGZriJWmfNGfloH87lVuv0=
  
  hey-listen@^1.0.5, hey-listen@^1.0.8:
    version "1.0.8"
    resolved "https://registry.yarnpkg.com/hey-listen/-/hey-listen-1.0.8.tgz#8e59561ff724908de1aa924ed6ecc84a56a9aa68"
    integrity sha512-COpmrF2NOg4TBWUJ5UVyaCU2A88wEMkUPK4hNqyCkqHbxT92BbvfjoSozkAIIm6XhicGlJHhFdullInrdhwU8Q==
  
  is-what@^3.2.3:
    version "3.2.3"
    resolved "https://registry.yarnpkg.com/is-what/-/is-what-3.2.3.tgz#50f76f1bd8e56967e15765d1d34302513701997b"
    integrity sha512-c4syLgFnjXTH5qd82Fp/qtUIeM0wA69xbI0KH1QpurMIvDaZFrS8UtAa4U52Dc2qSznaMxHit0gErMp6A/Qk1w==
  
  "js-tokens@^3.0.0 || ^4.0.0":
    version "4.0.0"
    resolved "https://registry.yarnpkg.com/js-tokens/-/js-tokens-4.0.0.tgz#19203fb59991df98e3a287050d4647cdeaf32499"
    integrity sha512-RdJUflcE3cUzKiMqQgsCu06FPu9UdIJO0beYbPhHN4k6apgJtifcoCtT9bcxOpYBtpD2kCM6Sbzg4CausW/PKQ==
  
  lodash@^4.17.10, lodash@^4.17.11:
    version "4.17.11"
    resolved "https://registry.yarnpkg.com/lodash/-/lodash-4.17.11.tgz#b39ea6229ef607ecd89e2c8df12536891cac9b8d"
    integrity sha512-cQKh8igo5QUhZ7lg38DYWAxMvjSAKG0A8wGSVimP07SIUEK2UO+arSRKbRZWtelMtN5V0Hkwh5ryOto/SshYIg==
  
  loose-envify@^1.1.0, loose-envify@^1.4.0:
    version "1.4.0"
    resolved "https://registry.yarnpkg.com/loose-envify/-/loose-envify-1.4.0.tgz#71ee51fa7be4caec1a63839f7e682d8132d30caf"
    integrity sha512-lyuxPGr/Wfhrlem2CL/UcnUc1zcqKAImBDzukY7Y5F/yQiNdko6+fRLevlw1HgMySw7f611UIY408EtxRSoK3Q==
    dependencies:
      js-tokens "^3.0.0 || ^4.0.0"
  
  memoize-one@^5.0.0:
    version "5.0.4"
    resolved "https://registry.yarnpkg.com/memoize-one/-/memoize-one-5.0.4.tgz#005928aced5c43d890a4dfab18ca908b0ec92cbc"
    integrity sha512-P0z5IeAH6qHHGkJIXWw0xC2HNEgkx/9uWWBQw64FJj3/ol14VYdfVGWWr0fXfjhhv3TKVIqUq65os6O4GUNksA==
  
  merge-anything@^2.2.4:
    version "2.2.5"
    resolved "https://registry.yarnpkg.com/merge-anything/-/merge-anything-2.2.5.tgz#37ef13f36359ee64f09c657d2cef45f7e29493f9"
    integrity sha512-WgZGR7EQ1D8pyh57uKBbkPhUCJZLGdMzbDaxL4MDTJSGsvtpGdm8myr6DDtgJwT46xiFBlHqxbveDRpFBWlKWQ==
    dependencies:
      is-what "^3.2.3"
  
  nuka-carousel@4.3.6:
    version "4.3.6"
    resolved "https://registry.yarnpkg.com/nuka-carousel/-/nuka-carousel-4.3.6.tgz#320242a15b9f8ccc381a9ef263a3d6d31947528f"
    integrity sha512-qFmU296MKXqZA55hIL1Ta31gMTr9m6NokF+sVpg5zxfdBgDzyxOL87xJ4DzVXrW9wGIPrkINGSyZjv5l1xelEA==
    dependencies:
      d3-ease "^1.0.3"
      exenv "^1.2.0"
      prop-types "^15.6.0"
      react-move "^2.7.0"
  
  object-assign@^4.1.1:
    version "4.1.1"
    resolved "https://registry.yarnpkg.com/object-assign/-/object-assign-4.1.1.tgz#2109adc7965887cfc05cbbd442cac8bfbb360863"
    integrity sha1-IQmtx5ZYh8/AXLvUQsrIv7s2CGM=
  
  popmotion@^8.6.8, popmotion@^8.6.9:
    version "8.6.10"
    resolved "https://registry.yarnpkg.com/popmotion/-/popmotion-8.6.10.tgz#1133105f234fb617285bd254e473276153279219"
    integrity sha512-pXGkj1Iy61sgwJvdKabHVP+5IeyCN2DdjdpAAVGhRhT31VYoLlKVOI6+SI747CecuyBI6zxSdZDNrrjdrldKuQ==
    dependencies:
      "@popmotion/easing" "^1.0.1"
      "@popmotion/popcorn" "^0.4.0"
      framesync "^4.0.0"
      hey-listen "^1.0.5"
      style-value-types "^3.1.4"
      stylefire "^4.1.3"
      tslib "^1.9.1"
  
  postcss-value-parser@^3.3.0:
    version "3.3.1"
    resolved "https://registry.yarnpkg.com/postcss-value-parser/-/postcss-value-parser-3.3.1.tgz#9ff822547e2893213cf1c30efa51ac5fd1ba8281"
    integrity sha512-pISE66AbVkp4fDQ7VHBwRNXzAAKJjw4Vw7nWI/+Q3vuly7SNfgYXvm6i5IgFylHGK5sP/xHAbB7N49OS4gWNyQ==
  
  prop-types@^15.5.4, prop-types@^15.6.0, prop-types@^15.6.2:
    version "15.7.2"
    resolved "https://registry.yarnpkg.com/prop-types/-/prop-types-15.7.2.tgz#52c41e75b8c87e72b9d9360e0206b99dcbffa6c5"
    integrity sha512-8QQikdH7//R2vurIJSutZ1smHYTcLpRWEOlHnzcWHmBYrOGUysKwSsrC89BCiFj3CbrfJ/nXFdJepOVrY1GCHQ==
    dependencies:
      loose-envify "^1.4.0"
      object-assign "^4.1.1"
      react-is "^16.8.1"
  
  react-fast-compare@^2.0.2:
    version "2.0.4"
    resolved "https://registry.yarnpkg.com/react-fast-compare/-/react-fast-compare-2.0.4.tgz#e84b4d455b0fec113e0402c329352715196f81f9"
    integrity sha512-suNP+J1VU1MWFKcyt7RtjiSWUjvidmQSlqu+eHslq+342xCbGTYmC0mEhPCOHxlW0CywylOC1u2DFAT+bv4dBw==
  
  react-helmet@^5.2.0:
    version "5.2.1"
    resolved "https://registry.yarnpkg.com/react-helmet/-/react-helmet-5.2.1.tgz#16a7192fdd09951f8e0fe22ffccbf9bb3e591ffa"
    integrity sha512-CnwD822LU8NDBnjCpZ4ySh8L6HYyngViTZLfBBb3NjtrpN8m49clH8hidHouq20I51Y6TpCTISCBbqiY5GamwA==
    dependencies:
      object-assign "^4.1.1"
      prop-types "^15.5.4"
      react-fast-compare "^2.0.2"
      react-side-effect "^1.1.0"
  
  react-is@^16.6.0, react-is@^16.8.1:
    version "16.8.6"
    resolved "https://registry.yarnpkg.com/react-is/-/react-is-16.8.6.tgz#5bbc1e2d29141c9fbdfed456343fe2bc430a6a16"
    integrity sha512-aUk3bHfZ2bRSVFFbbeVS4i+lNPZr3/WM5jT2J5omUVV1zzcs1nAaf3l51ctA5FFvCRbhrH0bdAsRRQddFJZPtA==
  
  react-lifecycles-compat@^3.0.4:
    version "3.0.4"
    resolved "https://registry.yarnpkg.com/react-lifecycles-compat/-/react-lifecycles-compat-3.0.4.tgz#4f1a273afdfc8f3488a8c516bfda78f872352362"
    integrity sha512-fBASbA6LnOU9dOU2eW7aQ8xmYBSXUIWr+UmF9b1efZBazGNO+rcXT/icdKnYm2pTwcRylVUYwW7H1PHfLekVzA==
  
  react-move@^2.7.0:
    version "2.9.1"
    resolved "https://registry.yarnpkg.com/react-move/-/react-move-2.9.1.tgz#966a1e7312795b03aa6b4834f9392a3bfbbe2ca0"
    integrity sha512-5qKYsJrKKpSypEaaYyR2HBbBgX65htRqKDa8o5OGDkq2VfklmTCbLawtYFpdmcJRqbz4jCYpzo2Rrsazq9HA8Q==
    dependencies:
      "@babel/runtime" "^7.2.0"
      d3-interpolate "^1.3.2"
      d3-timer "^1.0.9"
      prop-types "^15.6.2"
      react-lifecycles-compat "^3.0.4"
  
  react-side-effect@^1.1.0:
    version "1.1.5"
    resolved "https://registry.yarnpkg.com/react-side-effect/-/react-side-effect-1.1.5.tgz#f26059e50ed9c626d91d661b9f3c8bb38cd0ff2d"
    integrity sha512-Z2ZJE4p/jIfvUpiUMRydEVpQRf2f8GMHczT6qLcARmX7QRb28JDBTpnM2g/i5y/p7ZDEXYGHWg0RbhikE+hJRw==
    dependencies:
      exenv "^1.2.1"
      shallowequal "^1.0.1"
  
  react@^16.8.6:
    version "16.8.6"
    resolved "https://registry.yarnpkg.com/react/-/react-16.8.6.tgz#ad6c3a9614fd3a4e9ef51117f54d888da01f2bbe"
    integrity sha512-pC0uMkhLaHm11ZSJULfOBqV4tIZkx87ZLvbbQYunNixAAvjnC+snJCg0XQXn9VIsttVsbZP/H/ewzgsd5fxKXw==
    dependencies:
      loose-envify "^1.1.0"
      object-assign "^4.1.1"
      prop-types "^15.6.2"
      scheduler "^0.13.6"
  
  regenerator-runtime@^0.13.2:
    version "0.13.2"
    resolved "https://registry.yarnpkg.com/regenerator-runtime/-/regenerator-runtime-0.13.2.tgz#32e59c9a6fb9b1a4aff09b4930ca2d4477343447"
    integrity sha512-S/TQAZJO+D3m9xeN1WTI8dLKBBiRgXBlTJvbWjCThHWZj9EvHK70Ff50/tYj2J/fvBY6JtFVwRuazHN2E7M9BA==
  
  scheduler@^0.13.6:
    version "0.13.6"
    resolved "https://registry.yarnpkg.com/scheduler/-/scheduler-0.13.6.tgz#466a4ec332467b31a91b9bf74e5347072e4cd889"
    integrity sha512-IWnObHt413ucAYKsD9J1QShUKkbKLQQHdxRyw73sw4FN26iWr3DY/H34xGPe4nmL1DwXyWmSWmMrA9TfQbE/XQ==
    dependencies:
      loose-envify "^1.1.0"
      object-assign "^4.1.1"
  
  shallowequal@^1.0.1:
    version "1.1.0"
    resolved "https://registry.yarnpkg.com/shallowequal/-/shallowequal-1.1.0.tgz#188d521de95b9087404fd4dcb68b13df0ae4e7f8"
    integrity sha512-y0m1JoUZSlPAjXVtPPW70aZWfIL/dSP7AFkRnniLCrK/8MDKog3TySTBmckD+RObVxH0v4Tox67+F14PdED2oQ==
  
  style-value-types@^3.1.0, style-value-types@^3.1.3, style-value-types@^3.1.4:
    version "3.1.4"
    resolved "https://registry.yarnpkg.com/style-value-types/-/style-value-types-3.1.4.tgz#8c0959d26405eb0cbad40097b496220d41c22169"
    integrity sha512-jHxRZWQpx6imY+QIveHTZwGOJWJqX3Cmt6Yk1zCGeQjk4noEsX+lfvFJUmRPpZL3VTrfGrHtjVWTcvcHx/OFhQ==
    dependencies:
      hey-listen "^1.0.8"
  
  styled-components@^4.0.3, styled-components@^4.1.3, styled-components@^4.2.0:
    version "4.3.1"
    resolved "https://registry.yarnpkg.com/styled-components/-/styled-components-4.3.1.tgz#18c3709f4ed9d582cd206b1acd8b758a211dd114"
    integrity sha512-04XKQFFSEx3qTeN5I4kiSeajrwG6juDMw2+vUgvfxeXFegE40TuPKS4fFey8RJP1Ii1AoVQVUOglrdUUey0ZHw==
    dependencies:
      "@babel/helper-module-imports" "^7.0.0"
      "@emotion/is-prop-valid" "^0.7.3"
      "@emotion/unitless" "^0.7.0"
      babel-plugin-styled-components ">= 1"
      css-to-react-native "^2.2.2"
      memoize-one "^5.0.0"
      merge-anything "^2.2.4"
      prop-types "^15.5.4"
      react-is "^16.6.0"
      stylis "^3.5.0"
      stylis-rule-sheet "^0.0.10"
      supports-color "^5.5.0"
  
  stylefire@^4.1.0, stylefire@^4.1.3, stylefire@^4.1.4:
    version "4.1.4"
    resolved "https://registry.yarnpkg.com/stylefire/-/stylefire-4.1.4.tgz#42de066da75762bf086de33856a45ac95f7d66ce"
    integrity sha512-bp9nNTTFHdIQp/4szBuF2z85rMAq5oySeAHdpNgPTcVlXDrwsi1FjjOLug/4+yx1p8eMFFGrkAex7b5/M95ivg==
    dependencies:
      "@popmotion/popcorn" "^0.4.0"
      framesync "^4.0.0"
      hey-listen "^1.0.8"
      style-value-types "^3.1.4"
  
  stylis-rule-sheet@^0.0.10:
    version "0.0.10"
    resolved "https://registry.yarnpkg.com/stylis-rule-sheet/-/stylis-rule-sheet-0.0.10.tgz#44e64a2b076643f4b52e5ff71efc04d8c3c4a430"
    integrity sha512-nTbZoaqoBnmK+ptANthb10ZRZOGC+EmTLLUxeYIuHNkEKcmKgXX1XWKkUBT2Ac4es3NybooPe0SmvKdhKJZAuw==
  
  stylis@^3.5.0:
    version "3.5.4"
    resolved "https://registry.yarnpkg.com/stylis/-/stylis-3.5.4.tgz#f665f25f5e299cf3d64654ab949a57c768b73fbe"
    integrity sha512-8/3pSmthWM7lsPBKv7NXkzn2Uc9W7NotcwGNpJaa3k7WMM1XDCA4MgT5k/8BIexd5ydZdboXtU90XH9Ec4Bv/Q==
  
  supports-color@^5.5.0:
    version "5.5.0"
    resolved "https://registry.yarnpkg.com/supports-color/-/supports-color-5.5.0.tgz#e2e69a44ac8772f78a1ec0b35b689df6530efc8f"
    integrity sha512-QjVjwdXIt408MIiAqCX4oUKsgU2EqAGzs2Ppkm4aQYbjm+ZEWEcW4SfFNTr4uMNZma0ey4f5lgLrkB0aX0QMow==
    dependencies:
      has-flag "^3.0.0"
  
  to-fast-properties@^2.0.0:
    version "2.0.0"
    resolved "https://registry.yarnpkg.com/to-fast-properties/-/to-fast-properties-2.0.0.tgz#dc5e698cbd079265bc73e0377681a4e4e83f616e"
    integrity sha1-3F5pjL0HkmW8c+A3doGk5Og/YW4=
  
  tslib@^1.9.1:
    version "1.9.3"
    resolved "https://registry.yarnpkg.com/tslib/-/tslib-1.9.3.tgz#d7e4dd79245d85428c4d7e4822a79917954ca286"
    integrity sha512-4krF8scpejhaOgqzBEcGM7yDIEfi0/8+8zDRZhNZZ2kjmHJ4hv3zCbQWxoJGz1iw5U0Jl0nma13xzHXcncMavQ==
